<?xml version="1.0" encoding="UTF-8"?>
<testsuite xmlns:xsi="http://www.w3.org/2001/XMLSchema-instance" xsi:noNamespaceSchemaLocation="https://maven.apache.org/surefire/maven-surefire-plugin/xsd/surefire-test-report.xsd" name="com.example.demo.SportsMatchmakingAppApplicationTests" time="0.683" tests="1" errors="1" skipped="0" failures="0">
  <properties>
[...]
</properties>
  <testcase name="com.example.demo.SportsMatchmakingAppApplicationTests" classname="com.example.demo.SportsMatchmakingAppApplicationTests" time="0.682">
    <error message="Found multiple @SpringBootConfiguration annotated classes [Generic bean: class [com.example.demo.HellowWorldTest]; scope=; abstract=false; lazyInit=null; autowireMode=0; dependencyCheck=0; autowireCandidate=true; primary=false; factoryBeanName=null; factoryMethodName=null; initMethodName=null; destroyMethodName=null; defined in file [D:\Documents\School\Fall 2020\CS 4800 Software Engineering\4800 Project Repo\SportsMatchmakingApp\SportsMatchmakingApp\target\classes\com\example\demo\HellowWorldTest.class], Generic bean: class [com.example.demo.SportsMatchmakingAppApplication]; scope=; abstract=false; lazyInit=null; autowireMode=0; dependencyCheck=0; autowireCandidate=true; primary=false; factoryBeanName=null; factoryMethodName=null; initMethodName=null; destroyMethodName=null; defined in file [D:\Documents\School\Fall 2020\CS 4800 Software Engineering\4800 Project Repo\SportsMatchmakingApp\SportsMatchmakingApp\target\classes\com\example\demo\SportsMatchmakingAppApplication.class]]" type="java.lang.IllegalStateException">java.lang.IllegalStateException: Found multiple @SpringBootConfiguration annotated classes [Generic bean: class [com.example.demo.HellowWorldTest]; scope=; abstract=false; lazyInit=null; autowireMode=0; dependencyCheck=0; autowireCandidate=true; primary=false; factoryBeanName=null; factoryMethodName=null; initMethodName=null; destroyMethodName=null; defined in file [D:\Documents\School\Fall 2020\CS 4800 Software Engineering\4800 Project Repo\SportsMatchmakingApp\SportsMatchmakingApp\target\classes\com\example\demo\HellowWorldTest.class], Generic bean: class [com.example.demo.SportsMatchmakingAppApplication]; scope=; abstract=false; lazyInit=null; autowireMode=0; dependencyCheck=0; autowireCandidate=true; primary=false; factoryBeanName=null; factoryMethodName=null; initMethodName=null; destroyMethodName=null; defined in file [D:\Documents\School\Fall 2020\CS 4800 Software Engineering\4800 Project Repo\SportsMatchmakingApp\SportsMatchmakingApp\target\classes\com\example\demo\SportsMatchmakingAppApplication.class]]
</error>
    <system-out><![CDATA[14:51:00.760 [main] DEBUG org.springframework.test.context.BootstrapUtils - Instantiating CacheAwareContextLoaderDelegate from class [org.springframework.test.context.cache.DefaultCacheAwareContextLoaderDelegate]
14:51:00.778 [main] DEBUG org.springframework.test.context.BootstrapUtils - Instantiating BootstrapContext using constructor [public org.springframework.test.context.support.DefaultBootstrapContext(java.lang.Class,org.springframework.test.context.CacheAwareContextLoaderDelegate)]
14:51:00.818 [main] DEBUG org.springframework.test.context.BootstrapUtils - Instantiating TestContextBootstrapper for test class [com.example.demo.SportsMatchmakingAppApplicationTests] from class [org.springframework.boot.test.context.SpringBootTestContextBootstrapper]
14:51:00.844 [main] INFO org.springframework.boot.test.context.SpringBootTestContextBootstrapper - Neither @ContextConfiguration nor @ContextHierarchy found for test class [com.example.demo.SportsMatchmakingAppApplicationTests], using SpringBootContextLoader
14:51:00.852 [main] DEBUG org.springframework.test.context.support.AbstractContextLoader - Did not detect default resource location for test class [com.example.demo.SportsMatchmakingAppApplicationTests]: class path resource [com/example/demo/SportsMatchmakingAppApplicationTests-context.xml] does not exist
14:51:00.852 [main] DEBUG org.springframework.test.context.support.AbstractContextLoader - Did not detect default resource location for test class [com.example.demo.SportsMatchmakingAppApplicationTests]: class path resource [com/example/demo/SportsMatchmakingAppApplicationTestsContext.groovy] does not exist
14:51:00.853 [main] INFO org.springframework.test.context.support.AbstractContextLoader - Could not detect default resource locations for test class [com.example.demo.SportsMatchmakingAppApplicationTests]: no resource found for suffixes {-context.xml, Context.groovy}.
14:51:00.854 [main] INFO org.springframework.test.context.support.AnnotationConfigContextLoaderUtils - Could not detect default configuration classes for test class [com.example.demo.SportsMatchmakingAppApplicationTests]: SportsMatchmakingAppApplicationTests does not declare any static, non-private, non-final, nested classes annotated with @Configuration.
14:51:00.940 [main] DEBUG org.springframework.test.context.support.ActiveProfilesUtils - Could not find an 'annotation declaring class' for annotation type [org.springframework.test.context.ActiveProfiles] and class [com.example.demo.SportsMatchmakingAppApplicationTests]
14:51:01.034 [main] DEBUG org.springframework.context.annotation.ClassPathScanningCandidateComponentProvider - Identified candidate component class: file [D:\Documents\School\Fall 2020\CS 4800 Software Engineering\4800 Project Repo\SportsMatchmakingApp\SportsMatchmakingApp\target\classes\com\example\demo\HellowWorldTest.class]
14:51:01.035 [main] DEBUG org.springframework.context.annotation.ClassPathScanningCandidateComponentProvider - Identified candidate component class: file [D:\Documents\School\Fall 2020\CS 4800 Software Engineering\4800 Project Repo\SportsMatchmakingApp\SportsMatchmakingApp\target\classes\com\example\demo\SportsMatchmakingAppApplication.class]
14:51:01.038 [main] DEBUG org.springframework.test.context.BootstrapUtils - Instantiating CacheAwareContextLoaderDelegate from class [org.springframework.test.context.cache.DefaultCacheAwareContextLoaderDelegate]
14:51:01.038 [main] DEBUG org.springframework.test.context.BootstrapUtils - Instantiating BootstrapContext using constructor [public org.springframework.test.context.support.DefaultBootstrapContext(java.lang.Class,org.springframework.test.context.CacheAwareContextLoaderDelegate)]
14:51:01.038 [main] DEBUG org.springframework.test.context.BootstrapUtils - Instantiating TestContextBootstrapper for test class [com.example.demo.SportsMatchmakingAppApplicationTests] from class [org.springframework.boot.test.context.SpringBootTestContextBootstrapper]
14:51:01.039 [main] INFO org.springframework.boot.test.context.SpringBootTestContextBootstrapper - Neither @ContextConfiguration nor @ContextHierarchy found for test class [com.example.demo.SportsMatchmakingAppApplicationTests], using SpringBootContextLoader
14:51:01.040 [main] DEBUG org.springframework.test.context.support.AbstractContextLoader - Did not detect default resource location for test class [com.example.demo.SportsMatchmakingAppApplicationTests]: class path resource [com/example/demo/SportsMatchmakingAppApplicationTests-context.xml] does not exist
14:51:01.040 [main] DEBUG org.springframework.test.context.support.AbstractContextLoader - Did not detect default resource location for test class [com.example.demo.SportsMatchmakingAppApplicationTests]: class path resource [com/example/demo/SportsMatchmakingAppApplicationTestsContext.groovy] does not exist
14:51:01.040 [main] INFO org.springframework.test.context.support.AbstractContextLoader - Could not detect default resource locations for test class [com.example.demo.SportsMatchmakingAppApplicationTests]: no resource found for suffixes {-context.xml, Context.groovy}.
14:51:01.040 [main] INFO org.springframework.test.context.support.AnnotationConfigContextLoaderUtils - Could not detect default configuration classes for test class [com.example.demo.SportsMatchmakingAppApplicationTests]: SportsMatchmakingAppApplicationTests does not declare any static, non-private, non-final, nested classes annotated with @Configuration.
14:51:01.041 [main] DEBUG org.springframework.test.context.support.ActiveProfilesUtils - Could not find an 'annotation declaring class' for annotation type [org.springframework.test.context.ActiveProfiles] and class [com.example.demo.SportsMatchmakingAppApplicationTests]
14:51:01.045 [main] DEBUG org.springframework.context.annotation.ClassPathScanningCandidateComponentProvider - Identified candidate component class: file [D:\Documents\School\Fall 2020\CS 4800 Software Engineering\4800 Project Repo\SportsMatchmakingApp\SportsMatchmakingApp\target\classes\com\example\demo\HellowWorldTest.class]
14:51:01.046 [main] DEBUG org.springframework.context.annotation.ClassPathScanningCandidateComponentProvider - Identified candidate component class: file [D:\Documents\School\Fall 2020\CS 4800 Software Engineering\4800 Project Repo\SportsMatchmakingApp\SportsMatchmakingApp\target\classes\com\example\demo\SportsMatchmakingAppApplication.class]
14:51:01.046 [main] DEBUG org.springframework.test.context.BootstrapUtils - Instantiating CacheAwareContextLoaderDelegate from class [org.springframework.test.context.cache.DefaultCacheAwareContextLoaderDelegate]
14:51:01.046 [main] DEBUG org.springframework.test.context.BootstrapUtils - Instantiating BootstrapContext using constructor [public org.springframework.test.context.support.DefaultBootstrapContext(java.lang.Class,org.springframework.test.context.CacheAwareContextLoaderDelegate)]
14:51:01.047 [main] DEBUG org.springframework.test.context.BootstrapUtils - Instantiating TestContextBootstrapper for test class [com.example.demo.SportsMatchmakingAppApplicationTests] from class [org.springframework.boot.test.context.SpringBootTestContextBootstrapper]
14:51:01.048 [main] INFO org.springframework.boot.test.context.SpringBootTestContextBootstrapper - Neither @ContextConfiguration nor @ContextHierarchy found for test class [com.example.demo.SportsMatchmakingAppApplicationTests], using SpringBootContextLoader
14:51:01.048 [main] DEBUG org.springframework.test.context.support.AbstractContextLoader - Did not detect default resource location for test class [com.example.demo.SportsMatchmakingAppApplicationTests]: class path resource [com/example/demo/SportsMatchmakingAppApplicationTests-context.xml] does not exist
14:51:01.048 [main] DEBUG org.springframework.test.context.support.AbstractContextLoader - Did not detect default resource location for test class [com.example.demo.SportsMatchmakingAppApplicationTests]: class path resource [com/example/demo/SportsMatchmakingAppApplicationTestsContext.groovy] does not exist
14:51:01.048 [main] INFO org.springframework.test.context.support.AbstractContextLoader - Could not detect default resource locations for test class [com.example.demo.SportsMatchmakingAppApplicationTests]: no resource found for suffixes {-context.xml, Context.groovy}.
14:51:01.048 [main] INFO org.springframework.test.context.support.AnnotationConfigContextLoaderUtils - Could not detect default configuration classes for test class [com.example.demo.SportsMatchmakingAppApplicationTests]: SportsMatchmakingAppApplicationTests does not declare any static, non-private, non-final, nested classes annotated with @Configuration.
14:51:01.050 [main] DEBUG org.springframework.test.context.support.ActiveProfilesUtils - Could not find an 'annotation declaring class' for annotation type [org.springframework.test.context.ActiveProfiles] and class [com.example.demo.SportsMatchmakingAppApplicationTests]
14:51:01.054 [main] DEBUG org.springframework.context.annotation.ClassPathScanningCandidateComponentProvider - Identified candidate component class: file [D:\Documents\School\Fall 2020\CS 4800 Software Engineering\4800 Project Repo\SportsMatchmakingApp\SportsMatchmakingApp\target\classes\com\example\demo\HellowWorldTest.class]
14:51:01.055 [main] DEBUG org.springframework.context.annotation.ClassPathScanningCandidateComponentProvider - Identified candidate component class: file [D:\Documents\School\Fall 2020\CS 4800 Software Engineering\4800 Project Repo\SportsMatchmakingApp\SportsMatchmakingApp\target\classes\com\example\demo\SportsMatchmakingAppApplication.class]
]]></system-out>
  </testcase>
</testsuite>